<?xml version="1.0" encoding="UTF-8"?>
<testsuite xmlns:xsi="http://www.w3.org/2001/XMLSchema-instance" xsi:schemaLocation="https://maven.apache.org/surefire/maven-surefire-plugin/xsd/surefire-test-report.xsd" name="pt.fcup.DBManagerTest" time="0.317" tests="3" errors="2" skipped="0" failures="1">
  <properties>
[...]
</properties>
  <testcase name="singleDeletionFromDB" classname="pt.fcup.DBManagerTest" time="0.207">
    <error message="ERROR: relation &quot;chunk_owners&quot; does not exist&#10;  Position: 13" type="org.postgresql.util.PSQLException">org.postgresql.util.PSQLException: 
ERROR: relation "chunk_owners" does not exist
  Position: 13
	at pt.fcup.DBManagerTest.singleDeletionFromDB(DBManagerTest.java:61)
</error>
  </testcase>
  <testcase name="queryTable" classname="pt.fcup.DBManagerTest" time="0.031">
    <failure message="expected: &lt;[{&quot;schemaname&quot;:&quot;public&quot;,&quot;tablename&quot;:&quot;chunk_owners&quot;},{&quot;schemaname&quot;:&quot;public&quot;,&quot;tablename&quot;:&quot;seeders&quot;}]&gt; but was: &lt;[]&gt;" type="org.opentest4j.AssertionFailedError"><![CDATA[org.opentest4j.AssertionFailedError: expected: <[{"schemaname":"public","tablename":"chunk_owners"},{"schemaname":"public","tablename":"seeders"}]> but was: <[]>
	at pt.fcup.DBManagerTest.queryTable(DBManagerTest.java:29)
]]></failure>
  </testcase>
  <testcase name="singleInsertIntoDB" classname="pt.fcup.DBManagerTest" time="0.007">
    <error message="ERROR: relation &quot;chunk_owners&quot; does not exist&#10;  Position: 13" type="org.postgresql.util.PSQLException">org.postgresql.util.PSQLException: 
ERROR: relation "chunk_owners" does not exist
  Position: 13
	at pt.fcup.DBManagerTest.singleInsertIntoDB(DBManagerTest.java:36)
</error>
  </testcase>
</testsuite>